2024-11-23 23:07:20,267 [Worker-6: Loading available Gradle versions] INFO  o.e.b.c.i.u.g.PublishedGradleVersions - Gradle version information cache is up-to-date. Trying to read.
2024-11-23 23:08:08,683 [Worker-11: Importing Maven projects] INFO  o.e.m.c.i.l.LifecycleMappingFactory - Using org.eclipse.m2e.jdt.JarLifecycleMapping lifecycle mapping for MavenProject: com.marcelodev:solicitador-formatador-de-conselhos:0.0.1-SNAPSHOT @ C:\Arquivos\faculdade 1 semestre\projeto-final-messias\solicitador-formatador-de-conselhos\pom.xml.
2024-11-23 23:08:10,834 [Worker-11: Importing Maven projects] INFO  o.e.m.j.i.AbstractJavaProjectConfigurator - Adding source folder /solicitador-formatador-de-conselhos/src/main/java
2024-11-23 23:08:10,838 [Worker-11: Importing Maven projects] INFO  o.e.m.j.i.AbstractJavaProjectConfigurator - Adding resource folder /solicitador-formatador-de-conselhos/src/main/resources
2024-11-23 23:08:10,843 [Worker-11: Importing Maven projects] INFO  o.e.m.j.i.AbstractJavaProjectConfigurator - Adding resource folder /solicitador-formatador-de-conselhos/src/main/resources
2024-11-23 23:08:10,844 [Worker-11: Importing Maven projects] INFO  o.e.m.j.i.AbstractJavaProjectConfigurator - Adding source folder /solicitador-formatador-de-conselhos/src/test/java
2024-11-23 23:08:10,846 [Worker-11: Importing Maven projects] INFO  o.e.m.j.i.AbstractJavaProjectConfigurator - Adding resource folder /solicitador-formatador-de-conselhos/src/test/resources
2024-11-23 23:08:11,410 [Worker-11: Importing Maven projects] INFO  o.e.m.c.i.p.ProjectConfigurationManager - Imported and configured 1 project(s) in 6 sec
2024-11-23 23:08:12,169 [Worker-2: Updating Maven Project] INFO  o.e.m.c.i.p.ProjectConfigurationManager - Update started
2024-11-23 23:08:12,836 [Worker-2: Updating Maven Project] INFO  o.e.m.c.i.l.LifecycleMappingFactory - Using org.eclipse.m2e.jdt.JarLifecycleMapping lifecycle mapping for MavenProject: com.marcelodev:solicitador-formatador-de-conselhos:0.0.1-SNAPSHOT @ C:\Arquivos\faculdade 1 semestre\projeto-final-messias\solicitador-formatador-de-conselhos\pom.xml.
2024-11-23 23:08:14,271 [Worker-2: Updating Maven Project] INFO  o.e.m.j.i.AbstractJavaProjectConfigurator - Adding source folder /solicitador-formatador-de-conselhos/src/main/java
2024-11-23 23:08:14,272 [Worker-2: Updating Maven Project] INFO  o.e.m.j.i.AbstractJavaProjectConfigurator - Adding resource folder /solicitador-formatador-de-conselhos/src/main/resources
2024-11-23 23:08:14,273 [Worker-2: Updating Maven Project] INFO  o.e.m.j.i.AbstractJavaProjectConfigurator - Adding resource folder /solicitador-formatador-de-conselhos/src/main/resources
2024-11-23 23:08:14,274 [Worker-2: Updating Maven Project] INFO  o.e.m.j.i.AbstractJavaProjectConfigurator - Adding source folder /solicitador-formatador-de-conselhos/src/test/java
2024-11-23 23:08:14,275 [Worker-2: Updating Maven Project] INFO  o.e.m.j.i.AbstractJavaProjectConfigurator - Adding resource folder /solicitador-formatador-de-conselhos/src/test/resources
2024-11-23 23:08:14,897 [Worker-2: Updating Maven Project] INFO  o.e.m.c.i.p.ProjectConfigurationManager - Update completed for 1 poms: local refresh takes 0,00 sec, refresh facades takes 2,00 sec, update config takes 0,00 sec 
2024-11-23 23:08:16,545 [Worker-10: Building] INFO  o.a.m.s.f.DefaultMavenResourcesFiltering - Copying 1 resource from src\main\resources to target\classes
2024-11-23 23:08:16,577 [Worker-10: Building] INFO  o.a.m.s.f.DefaultMavenResourcesFiltering - Copying 1 resource from src\main\resources to target\classes
2024-11-23 23:08:16,584 [Worker-10: Building] INFO  o.a.m.s.f.DefaultMavenResourcesFiltering - skip non existing resourceDirectory C:\Arquivos\faculdade 1 semestre\projeto-final-messias\solicitador-formatador-de-conselhos\src\test\resources
2024-11-23 23:10:18,529 [Worker-6: Building] INFO  o.a.m.s.f.DefaultMavenResourcesFiltering - Copying 1 resource from src\main\resources to target\classes
2024-11-23 23:10:18,541 [Worker-6: Building] INFO  o.a.m.s.f.DefaultMavenResourcesFiltering - Copying 1 resource from src\main\resources to target\classes
2024-11-23 23:10:18,549 [Worker-6: Building] INFO  o.a.m.s.f.DefaultMavenResourcesFiltering - skip non existing resourceDirectory C:\Arquivos\faculdade 1 semestre\projeto-final-messias\solicitador-formatador-de-conselhos\src\test\resources
